MAIN STATISTICS OF SALES IN DB
__________________________________________________________________________
Percent of success sales: 0.28443130080389095
Percent of lost sales: 0.715568699196109
Percent of known sales: 1.0
Percent of female customers: 0.39678806734015365
Percent of male customers: 0.2823898000792463
Percent of gender of customers in DB: 0.6791778674194
Percent of unknown age of customers in DB: 0.6791778674194
Percent of known age of customers in DB: 0.32082213258060005
MAIN STATISTICS OF SALES IN DB
__________________________________________________________________________
Percent of success sales: 0.284490616900833
Percent of lost sales: 0.715509383099167
Percent of known sales: 1.0
Percent of female customers: 0.3969229899397645
Percent of male customers: 0.28226905489471715
Percent of gender of customers in DB: 0.6791920448344816
Percent of unknown age of customers in DB: 0.6791920448344817
Percent of known age of customers in DB: 0.32080795516551835
